[    1618ms] [WARNING] <meta name="apple-mobile-web-app-capable" content="yes"> is deprecated. Please include <meta name="mobile-web-app-capable" content="yes"> @ http://localhost:3000/stargazer?preview=1:0
[    1671ms] [ERROR] Failed to load resource: the server responded with a status of 404 (Not Found) @ http://localhost:3000/favicon.ico:0
[    2032ms] [ERROR] Failed to load resource: the server responded with a status of 404 (Not Found) @ http://localhost:3000/icons/icon-144x144.png:0
[    4013ms] [ERROR] Failed to load resource: the server responded with a status of 401 (Unauthorized) @ http://localhost:3000/api/stargazer/daily-observation?date=2026-03-14&checkOnly=1:0
[    4033ms] [ERROR] Failed to load resource: the server responded with a status of 401 (Unauthorized) @ http://localhost:3000/api/stargazer/daily-observation?date=2026-03-14&checkOnly=1:0
[    6297ms] [WARNING] Error while trying to use the following icon from the Manifest: http://localhost:3000/icons/icon-144x144.png (Download error or resource isn't a valid image) @ http://localhost:3000/stargazer?preview=1:0
[    8332ms] [WARNING] <meta name="apple-mobile-web-app-capable" content="yes"> is deprecated. Please include <meta name="mobile-web-app-capable" content="yes"> @ http://localhost:3000/stargazer?preview=1:0
[    8527ms] [ERROR] Failed to load resource: the server responded with a status of 404 (Not Found) @ http://localhost:3000/icons/icon-144x144.png:0
[    9889ms] [WARNING] Error while trying to use the following icon from the Manifest: http://localhost:3000/icons/icon-144x144.png (Download error or resource isn't a valid image) @ http://localhost:3000/stargazer?preview=1:0
[   14425ms] [WARNING] The resource http://localhost:3000/_next/static/css/app/layout.css?v=1773483107789 was preloaded using link preload but not used within a few seconds from the window's load event. Please make sure it has an appropriate `as` value and it is preloaded intentionally. @ http://localhost:3000/stargazer?preview=1:0
[   14426ms] [WARNING] The resource http://localhost:3000/_next/static/css/app/layout.css?v=1773483113464 was preloaded using link preload but not used within a few seconds from the window's load event. Please make sure it has an appropriate `as` value and it is preloaded intentionally. @ http://localhost:3000/stargazer?preview=1:0
[   14426ms] [WARNING] The resource http://localhost:3000/_next/static/css/app/layout.css?v=1773483114485 was preloaded using link preload but not used within a few seconds from the window's load event. Please make sure it has an appropriate `as` value and it is preloaded intentionally. @ http://localhost:3000/stargazer?preview=1:0
[   14426ms] [WARNING] The resource http://localhost:3000/_next/static/css/app/stargazer/layout.css?v=1773483113464 was preloaded using link preload but not used within a few seconds from the window's load event. Please make sure it has an appropriate `as` value and it is preloaded intentionally. @ http://localhost:3000/stargazer?preview=1:0
[   20111ms] [WARNING] The resource http://localhost:3000/_next/static/css/app/layout.css?v=1773483107789 was preloaded using link preload but not used within a few seconds from the window's load event. Please make sure it has an appropriate `as` value and it is preloaded intentionally. @ http://localhost:3000/stargazer?preview=1:0
[   20111ms] [WARNING] The resource http://localhost:3000/_next/static/css/app/layout.css?v=1773483113464 was preloaded using link preload but not used within a few seconds from the window's load event. Please make sure it has an appropriate `as` value and it is preloaded intentionally. @ http://localhost:3000/stargazer?preview=1:0
[   20112ms] [WARNING] The resource http://localhost:3000/_next/static/css/app/layout.css?v=1773483114485 was preloaded using link preload but not used within a few seconds from the window's load event. Please make sure it has an appropriate `as` value and it is preloaded intentionally. @ http://localhost:3000/stargazer?preview=1:0
[   20112ms] [WARNING] The resource http://localhost:3000/_next/static/css/app/stargazer/layout.css?v=1773483113464 was preloaded using link preload but not used within a few seconds from the window's load event. Please make sure it has an appropriate `as` value and it is preloaded intentionally. @ http://localhost:3000/stargazer?preview=1:0
[   24969ms] [ERROR] Failed to load resource: the server responded with a status of 500 (Internal Server Error) @ http://localhost:3000/stargazer?preview=1&_rsc=19911:0
[   39406ms] [WARNING] <meta name="apple-mobile-web-app-capable" content="yes"> is deprecated. Please include <meta name="mobile-web-app-capable" content="yes"> @ http://localhost:3000/stargazer?preview=1:0
[   40820ms] [ERROR] Failed to load resource: the server responded with a status of 401 (Unauthorized) @ http://localhost:3000/api/stargazer/daily-observation?date=2026-03-14&checkOnly=1:0
[   40828ms] [ERROR] Failed to load resource: the server responded with a status of 401 (Unauthorized) @ http://localhost:3000/api/stargazer/daily-observation?date=2026-03-14&checkOnly=1:0
[   41368ms] [ERROR] Failed to load resource: the server responded with a status of 404 (Not Found) @ http://localhost:3000/icons/icon-144x144.png:0
[   42309ms] [WARNING] Error while trying to use the following icon from the Manifest: http://localhost:3000/icons/icon-144x144.png (Download error or resource isn't a valid image) @ http://localhost:3000/stargazer?preview=1:0
[   45831ms] [WARNING] The resource http://localhost:3000/_next/static/css/app/layout.css?v=1773483147360 was preloaded using link preload but not used within a few seconds from the window's load event. Please make sure it has an appropriate `as` value and it is preloaded intentionally. @ http://localhost:3000/stargazer?preview=1:0
[   51956ms] [WARNING] <meta name="apple-mobile-web-app-capable" content="yes"> is deprecated. Please include <meta name="mobile-web-app-capable" content="yes"> @ http://localhost:3000/stargazer?preview=1:0
[   52968ms] [ERROR] Failed to load resource: the server responded with a status of 404 (Not Found) @ http://localhost:3000/icons/icon-144x144.png:0
[   53492ms] [WARNING] <meta name="apple-mobile-web-app-capable" content="yes"> is deprecated. Please include <meta name="mobile-web-app-capable" content="yes"> @ http://localhost:3000/stargazer?preview=1:0
[   53535ms] [WARNING] Error while trying to use the following icon from the Manifest: http://localhost:3000/icons/icon-144x144.png (Download error or resource isn't a valid image) @ http://localhost:3000/stargazer?preview=1:0
[   54387ms] [ERROR] Failed to load resource: the server responded with a status of 404 (Not Found) @ http://localhost:3000/icons/icon-144x144.png:0
[   55000ms] [WARNING] Error while trying to use the following icon from the Manifest: http://localhost:3000/icons/icon-144x144.png (Download error or resource isn't a valid image) @ http://localhost:3000/stargazer?preview=1:0
[   55906ms] [WARNING] <meta name="apple-mobile-web-app-capable" content="yes"> is deprecated. Please include <meta name="mobile-web-app-capable" content="yes"> @ http://localhost:3000/stargazer?preview=1:0
[   56820ms] [ERROR] Failed to load resource: the server responded with a status of 404 (Not Found) @ http://localhost:3000/icons/icon-144x144.png:0
[   57132ms] [WARNING] Error while trying to use the following icon from the Manifest: http://localhost:3000/icons/icon-144x144.png (Download error or resource isn't a valid image) @ http://localhost:3000/stargazer?preview=1:0
[   57956ms] Invalid or unexpected token
[   60243ms] [WARNING] <meta name="apple-mobile-web-app-capable" content="yes"> is deprecated. Please include <meta name="mobile-web-app-capable" content="yes"> @ http://localhost:3000/stargazer?preview=1:0
[   61677ms] [ERROR] Failed to load resource: the server responded with a status of 404 (Not Found) @ http://localhost:3000/icons/icon-144x144.png:0
[   61701ms] [ERROR] Can't perform a React state update on a component that hasn't mounted yet. This indicates that you have a side-effect in your render function that asynchronously tries to update the component. Move this work to useEffect instead. @ webpack-internal:///(app-pages-browser)/./node_modules/next/dist/next-devtools/userspace/app/errors/intercept-console-error.js:51
[   62401ms] [WARNING] Error while trying to use the following icon from the Manifest: http://localhost:3000/icons/icon-144x144.png (Download error or resource isn't a valid image) @ http://localhost:3000/stargazer?preview=1:0
[   66590ms] [WARNING] The resource http://localhost:3000/_next/static/css/app/layout.css?v=1773483169600 was preloaded using link preload but not used within a few seconds from the window's load event. Please make sure it has an appropriate `as` value and it is preloaded intentionally. @ http://localhost:3000/stargazer?preview=1:0
[   66590ms] [WARNING] The resource http://localhost:3000/_next/static/css/app/stargazer/layout.css?v=1773483169600 was preloaded using link preload but not used within a few seconds from the window's load event. Please make sure it has an appropriate `as` value and it is preloaded intentionally. @ http://localhost:3000/stargazer?preview=1:0
[   66590ms] [WARNING] The resource http://localhost:3000/_next/static/css/app/layout.css?v=1773483167631 was preloaded using link preload but not used within a few seconds from the window's load event. Please make sure it has an appropriate `as` value and it is preloaded intentionally. @ http://localhost:3000/stargazer?preview=1:0
[   66590ms] [WARNING] The resource http://localhost:3000/_next/static/css/app/layout.css?v=1773483168475 was preloaded using link preload but not used within a few seconds from the window's load event. Please make sure it has an appropriate `as` value and it is preloaded intentionally. @ http://localhost:3000/stargazer?preview=1:0
[   66590ms] [WARNING] The resource http://localhost:3000/_next/static/css/app/stargazer/layout.css?v=1773483169378 was preloaded using link preload but not used within a few seconds from the window's load event. Please make sure it has an appropriate `as` value and it is preloaded intentionally. @ http://localhost:3000/stargazer?preview=1:0
[   66590ms] [WARNING] The resource http://localhost:3000/_next/static/css/app/stargazer/layout.css?v=1773483168475 was preloaded using link preload but not used within a few seconds from the window's load event. Please make sure it has an appropriate `as` value and it is preloaded intentionally. @ http://localhost:3000/stargazer?preview=1:0
[   66590ms] [WARNING] The resource http://localhost:3000/_next/static/css/app/layout.css?v=1773483169378 was preloaded using link preload but not used within a few seconds from the window's load event. Please make sure it has an appropriate `as` value and it is preloaded intentionally. @ http://localhost:3000/stargazer?preview=1:0
[   73262ms] [WARNING] The resource http://localhost:3000/_next/static/css/app/layout.css?v=1773483169600 was preloaded using link preload but not used within a few seconds from the window's load event. Please make sure it has an appropriate `as` value and it is preloaded intentionally. @ http://localhost:3000/stargazer?preview=1:0
[   73263ms] [WARNING] The resource http://localhost:3000/_next/static/css/app/stargazer/layout.css?v=1773483169600 was preloaded using link preload but not used within a few seconds from the window's load event. Please make sure it has an appropriate `as` value and it is preloaded intentionally. @ http://localhost:3000/stargazer?preview=1:0
[   73263ms] [WARNING] The resource http://localhost:3000/_next/static/css/app/layout.css?v=1773483167631 was preloaded using link preload but not used within a few seconds from the window's load event. Please make sure it has an appropriate `as` value and it is preloaded intentionally. @ http://localhost:3000/stargazer?preview=1:0
[   73264ms] [WARNING] The resource http://localhost:3000/_next/static/css/app/layout.css?v=1773483168475 was preloaded using link preload but not used within a few seconds from the window's load event. Please make sure it has an appropriate `as` value and it is preloaded intentionally. @ http://localhost:3000/stargazer?preview=1:0
[   73264ms] [WARNING] The resource http://localhost:3000/_next/static/css/app/stargazer/layout.css?v=1773483169378 was preloaded using link preload but not used within a few seconds from the window's load event. Please make sure it has an appropriate `as` value and it is preloaded intentionally. @ http://localhost:3000/stargazer?preview=1:0
[   73266ms] [WARNING] The resource http://localhost:3000/_next/static/css/app/stargazer/layout.css?v=1773483168475 was preloaded using link preload but not used within a few seconds from the window's load event. Please make sure it has an appropriate `as` value and it is preloaded intentionally. @ http://localhost:3000/stargazer?preview=1:0
[   73266ms] [WARNING] The resource http://localhost:3000/_next/static/css/app/layout.css?v=1773483169378 was preloaded using link preload but not used within a few seconds from the window's load event. Please make sure it has an appropriate `as` value and it is preloaded intentionally. @ http://localhost:3000/stargazer?preview=1:0
[   86683ms] [WARNING] The resource http://localhost:3000/_next/static/css/app/layout.css?v=1773483169378 was preloaded using link preload but not used within a few seconds from the window's load event. Please make sure it has an appropriate `as` value and it is preloaded intentionally. @ http://localhost:3000/stargazer?preview=1:0
[   86684ms] [WARNING] The resource http://localhost:3000/_next/static/css/app/layout.css?v=1773483167631 was preloaded using link preload but not used within a few seconds from the window's load event. Please make sure it has an appropriate `as` value and it is preloaded intentionally. @ http://localhost:3000/stargazer?preview=1:0
[   86684ms] [WARNING] The resource http://localhost:3000/_next/static/css/app/stargazer/layout.css?v=1773483169600 was preloaded using link preload but not used within a few seconds from the window's load event. Please make sure it has an appropriate `as` value and it is preloaded intentionally. @ http://localhost:3000/stargazer?preview=1:0
[   86684ms] [WARNING] The resource http://localhost:3000/_next/static/css/app/layout.css?v=1773483189081 was preloaded using link preload but not used within a few seconds from the window's load event. Please make sure it has an appropriate `as` value and it is preloaded intentionally. @ http://localhost:3000/stargazer?preview=1:0
[   86685ms] [WARNING] The resource http://localhost:3000/_next/static/css/app/layout.css?v=1773483168475 was preloaded using link preload but not used within a few seconds from the window's load event. Please make sure it has an appropriate `as` value and it is preloaded intentionally. @ http://localhost:3000/stargazer?preview=1:0
[   86685ms] [WARNING] The resource http://localhost:3000/_next/static/css/app/stargazer/layout.css?v=1773483169378 was preloaded using link preload but not used within a few seconds from the window's load event. Please make sure it has an appropriate `as` value and it is preloaded intentionally. @ http://localhost:3000/stargazer?preview=1:0
[   86685ms] [WARNING] The resource http://localhost:3000/_next/static/css/app/stargazer/layout.css?v=1773483168475 was preloaded using link preload but not used within a few seconds from the window's load event. Please make sure it has an appropriate `as` value and it is preloaded intentionally. @ http://localhost:3000/stargazer?preview=1:0
[   86685ms] [WARNING] The resource http://localhost:3000/_next/static/css/app/stargazer/layout.css?v=1773483189081 was preloaded using link preload but not used within a few seconds from the window's load event. Please make sure it has an appropriate `as` value and it is preloaded intentionally. @ http://localhost:3000/stargazer?preview=1:0
[   86685ms] [WARNING] The resource http://localhost:3000/_next/static/css/app/layout.css?v=1773483169600 was preloaded using link preload but not used within a few seconds from the window's load event. Please make sure it has an appropriate `as` value and it is preloaded intentionally. @ http://localhost:3000/stargazer?preview=1:0
[   92029ms] [WARNING] The resource http://localhost:3000/_next/static/css/app/layout.css?v=1773483169378 was preloaded using link preload but not used within a few seconds from the window's load event. Please make sure it has an appropriate `as` value and it is preloaded intentionally. @ http://localhost:3000/stargazer?preview=1:0
[   92030ms] [WARNING] The resource http://localhost:3000/_next/static/css/app/layout.css?v=1773483167631 was preloaded using link preload but not used within a few seconds from the window's load event. Please make sure it has an appropriate `as` value and it is preloaded intentionally. @ http://localhost:3000/stargazer?preview=1:0
[   92030ms] [WARNING] The resource http://localhost:3000/_next/static/css/app/stargazer/layout.css?v=1773483169600 was preloaded using link preload but not used within a few seconds from the window's load event. Please make sure it has an appropriate `as` value and it is preloaded intentionally. @ http://localhost:3000/stargazer?preview=1:0
[   92030ms] [WARNING] The resource http://localhost:3000/_next/static/css/app/layout.css?v=1773483189081 was preloaded using link preload but not used within a few seconds from the window's load event. Please make sure it has an appropriate `as` value and it is preloaded intentionally. @ http://localhost:3000/stargazer?preview=1:0
[   92030ms] [WARNING] The resource http://localhost:3000/_next/static/css/app/layout.css?v=1773483168475 was preloaded using link preload but not used within a few seconds from the window's load event. Please make sure it has an appropriate `as` value and it is preloaded intentionally. @ http://localhost:3000/stargazer?preview=1:0
[   92030ms] [WARNING] The resource http://localhost:3000/_next/static/css/app/stargazer/layout.css?v=1773483169378 was preloaded using link preload but not used within a few seconds from the window's load event. Please make sure it has an appropriate `as` value and it is preloaded intentionally. @ http://localhost:3000/stargazer?preview=1:0
[   92030ms] [WARNING] The resource http://localhost:3000/_next/static/css/app/stargazer/layout.css?v=1773483168475 was preloaded using link preload but not used within a few seconds from the window's load event. Please make sure it has an appropriate `as` value and it is preloaded intentionally. @ http://localhost:3000/stargazer?preview=1:0
[   92030ms] [WARNING] The resource http://localhost:3000/_next/static/css/app/stargazer/layout.css?v=1773483189081 was preloaded using link preload but not used within a few seconds from the window's load event. Please make sure it has an appropriate `as` value and it is preloaded intentionally. @ http://localhost:3000/stargazer?preview=1:0
[   92030ms] [WARNING] The resource http://localhost:3000/_next/static/css/app/layout.css?v=1773483169600 was preloaded using link preload but not used within a few seconds from the window's load event. Please make sure it has an appropriate `as` value and it is preloaded intentionally. @ http://localhost:3000/stargazer?preview=1:0
