[    1757ms] [WARNING] <meta name="apple-mobile-web-app-capable" content="yes"> is deprecated. Please include <meta name="mobile-web-app-capable" content="yes"> @ http://localhost:3000/:0
[    1958ms] [ERROR] Failed to load resource: the server responded with a status of 404 (Not Found) @ http://localhost:3000/favicon.ico:0
[    4201ms] [ERROR] Failed to load resource: the server responded with a status of 400 (Bad Request) @ http://localhost:3000/_next/image?url=%2Fsamples%2Ffigure%2Fcommander1.png&w=128&q=75:0
[    9425ms] [WARNING] <meta name="apple-mobile-web-app-capable" content="yes"> is deprecated. Please include <meta name="mobile-web-app-capable" content="yes"> @ http://localhost:3000/:0
[   10493ms] [ERROR] Failed to load resource: the server responded with a status of 400 (Bad Request) @ http://localhost:3000/_next/image?url=%2Fsamples%2Ffigure%2Fcommander1.png&w=128&q=75:0
[   16339ms] [WARNING] <meta name="apple-mobile-web-app-capable" content="yes"> is deprecated. Please include <meta name="mobile-web-app-capable" content="yes"> @ http://localhost:3000/:0
[   17316ms] [ERROR] Failed to load resource: the server responded with a status of 400 (Bad Request) @ http://localhost:3000/_next/image?url=%2Fsamples%2Ffigure%2Fcommander1.png&w=128&q=75:0
[ 2048344ms] [ERROR] Failed to load resource: the server responded with a status of 404 (Not Found) @ http://localhost:3000/api/talk/unread:0
[ 2055867ms] [ERROR] Failed to load resource: the server responded with a status of 404 (Not Found) @ http://localhost:3000/?_rsc=1tii2:0
[ 2059433ms] [WARNING] <meta name="apple-mobile-web-app-capable" content="yes"> is deprecated. Please include <meta name="mobile-web-app-capable" content="yes"> @ http://localhost:3000/:0
[ 2061227ms] [ERROR] Failed to load resource: the server responded with a status of 400 (Bad Request) @ http://localhost:3000/_next/image?url=%2Fsamples%2Ffigure%2Fcommander1.png&w=128&q=75:0
[ 3909722ms] [ERROR] Failed to load resource: the server responded with a status of 401 (Unauthorized) @ http://localhost:3000/api/talk/unread:0
[ 5548728ms] [ERROR] WebSocket connection to 'ws://localhost:3000/_next/webpack-hmr?id=aYoC4BEvzaNRDAakAw2B1' failed: Error in connection establishment: net::ERR_CONNECTION_REFUSED @ http://localhost:3000/_next/static/chunks/node_modules_next_dist_client_17643121._.js:10878
[ 5549512ms] [ERROR] Failed to load resource: net::ERR_CONNECTION_REFUSED @ http://localhost:3000/api/talk/unread:0
[ 5549731ms] [ERROR] WebSocket connection to 'ws://localhost:3000/_next/webpack-hmr?id=aYoC4BEvzaNRDAakAw2B1' failed: Error in connection establishment: net::ERR_CONNECTION_REFUSED @ http://localhost:3000/_next/static/chunks/node_modules_next_dist_client_17643121._.js:10878
[ 5550738ms] [ERROR] WebSocket connection to 'ws://localhost:3000/_next/webpack-hmr?id=aYoC4BEvzaNRDAakAw2B1' failed: Error in connection establishment: net::ERR_CONNECTION_REFUSED @ http://localhost:3000/_next/static/chunks/node_modules_next_dist_client_17643121._.js:10878
[ 5551741ms] [ERROR] WebSocket connection to 'ws://localhost:3000/_next/webpack-hmr?id=aYoC4BEvzaNRDAakAw2B1' failed: Error in connection establishment: net::ERR_CONNECTION_REFUSED @ http://localhost:3000/_next/static/chunks/node_modules_next_dist_client_17643121._.js:10878
[ 5552747ms] [ERROR] WebSocket connection to 'ws://localhost:3000/_next/webpack-hmr?id=aYoC4BEvzaNRDAakAw2B1' failed: Error in connection establishment: net::ERR_CONNECTION_REFUSED @ http://localhost:3000/_next/static/chunks/node_modules_next_dist_client_17643121._.js:10878
[ 5557754ms] [ERROR] WebSocket connection to 'ws://localhost:3000/_next/webpack-hmr?id=aYoC4BEvzaNRDAakAw2B1' failed: Error in connection establishment: net::ERR_CONNECTION_REFUSED @ http://localhost:3000/_next/static/chunks/node_modules_next_dist_client_17643121._.js:10878
[ 5559511ms] [ERROR] Failed to load resource: net::ERR_CONNECTION_REFUSED @ http://localhost:3000/api/talk/unread:0
[ 5562761ms] [ERROR] WebSocket connection to 'ws://localhost:3000/_next/webpack-hmr?id=aYoC4BEvzaNRDAakAw2B1' failed: Error in connection establishment: net::ERR_CONNECTION_REFUSED @ http://localhost:3000/_next/static/chunks/node_modules_next_dist_client_17643121._.js:10878
[ 5567782ms] [ERROR] WebSocket connection to 'ws://localhost:3000/_next/webpack-hmr?id=aYoC4BEvzaNRDAakAw2B1' failed: Error in connection establishment: net::ERR_CONNECTION_REFUSED @ http://localhost:3000/_next/static/chunks/node_modules_next_dist_client_17643121._.js:10878
[ 5569510ms] [ERROR] Failed to load resource: net::ERR_CONNECTION_REFUSED @ http://localhost:3000/api/talk/unread:0
[ 5572835ms] [ERROR] WebSocket connection to 'ws://localhost:3000/_next/webpack-hmr?id=aYoC4BEvzaNRDAakAw2B1' failed: Error in connection establishment: net::ERR_CONNECTION_REFUSED @ http://localhost:3000/_next/static/chunks/node_modules_next_dist_client_17643121._.js:10878
[ 5577861ms] [ERROR] WebSocket connection to 'ws://localhost:3000/_next/webpack-hmr?id=aYoC4BEvzaNRDAakAw2B1' failed: Error in connection establishment: net::ERR_CONNECTION_REFUSED @ http://localhost:3000/_next/static/chunks/node_modules_next_dist_client_17643121._.js:10878
[ 5579510ms] [ERROR] Failed to load resource: net::ERR_CONNECTION_REFUSED @ http://localhost:3000/api/talk/unread:0
[ 5582927ms] [ERROR] WebSocket connection to 'ws://localhost:3000/_next/webpack-hmr?id=aYoC4BEvzaNRDAakAw2B1' failed: Error in connection establishment: net::ERR_CONNECTION_REFUSED @ http://localhost:3000/_next/static/chunks/node_modules_next_dist_client_17643121._.js:10878
[ 5588222ms] [ERROR] WebSocket connection to 'ws://localhost:3000/_next/webpack-hmr?id=aYoC4BEvzaNRDAakAw2B1' failed: Error in connection establishment: net::ERR_CONNECTION_REFUSED @ http://localhost:3000/_next/static/chunks/node_modules_next_dist_client_17643121._.js:10878
