[     567ms] [WARNING] <meta name="apple-mobile-web-app-capable" content="yes"> is deprecated. Please include <meta name="mobile-web-app-capable" content="yes"> @ http://localhost:3000/:0
[    1714ms] [ERROR] Failed to load resource: the server responded with a status of 400 (Bad Request) @ http://localhost:3000/_next/image?url=%2Fsamples%2Ffigure%2Fcommander1.png&w=128&q=75:0
[ 2007439ms] [ERROR] Failed to load resource: the server responded with a status of 404 (Not Found) @ http://localhost:3000/?_rsc=1tii2:0
[ 2013737ms] [WARNING] <meta name="apple-mobile-web-app-capable" content="yes"> is deprecated. Please include <meta name="mobile-web-app-capable" content="yes"> @ http://localhost:3000/:0
[ 2018602ms] [ERROR] Failed to load resource: the server responded with a status of 400 (Bad Request) @ http://localhost:3000/_next/image?url=%2Fsamples%2Ffigure%2Fcommander1.png&w=128&q=75:0
[ 5508237ms] [ERROR] WebSocket connection to 'ws://localhost:3000/_next/webpack-hmr?id=sb5IyEFSLVH2A_0bbqkhk' failed: Error in connection establishment: net::ERR_CONNECTION_REFUSED @ http://localhost:3000/_next/static/chunks/node_modules_next_dist_client_17643121._.js:10878
[ 5509242ms] [ERROR] WebSocket connection to 'ws://localhost:3000/_next/webpack-hmr?id=sb5IyEFSLVH2A_0bbqkhk' failed: Error in connection establishment: net::ERR_CONNECTION_REFUSED @ http://localhost:3000/_next/static/chunks/node_modules_next_dist_client_17643121._.js:10878
[ 5510244ms] [ERROR] WebSocket connection to 'ws://localhost:3000/_next/webpack-hmr?id=sb5IyEFSLVH2A_0bbqkhk' failed: Error in connection establishment: net::ERR_CONNECTION_REFUSED @ http://localhost:3000/_next/static/chunks/node_modules_next_dist_client_17643121._.js:10878
[ 5511248ms] [ERROR] WebSocket connection to 'ws://localhost:3000/_next/webpack-hmr?id=sb5IyEFSLVH2A_0bbqkhk' failed: Error in connection establishment: net::ERR_CONNECTION_REFUSED @ http://localhost:3000/_next/static/chunks/node_modules_next_dist_client_17643121._.js:10878
[ 5512255ms] [ERROR] WebSocket connection to 'ws://localhost:3000/_next/webpack-hmr?id=sb5IyEFSLVH2A_0bbqkhk' failed: Error in connection establishment: net::ERR_CONNECTION_REFUSED @ http://localhost:3000/_next/static/chunks/node_modules_next_dist_client_17643121._.js:10878
[ 5514076ms] [ERROR] Failed to load resource: net::ERR_CONNECTION_REFUSED @ http://localhost:3000/api/talk/unread:0
[ 5517262ms] [ERROR] WebSocket connection to 'ws://localhost:3000/_next/webpack-hmr?id=sb5IyEFSLVH2A_0bbqkhk' failed: Error in connection establishment: net::ERR_CONNECTION_REFUSED @ http://localhost:3000/_next/static/chunks/node_modules_next_dist_client_17643121._.js:10878
[ 5522283ms] [ERROR] WebSocket connection to 'ws://localhost:3000/_next/webpack-hmr?id=sb5IyEFSLVH2A_0bbqkhk' failed: Error in connection establishment: net::ERR_CONNECTION_REFUSED @ http://localhost:3000/_next/static/chunks/node_modules_next_dist_client_17643121._.js:10878
[ 5524073ms] [ERROR] Failed to load resource: net::ERR_CONNECTION_REFUSED @ http://localhost:3000/api/talk/unread:0
[ 5527308ms] [ERROR] WebSocket connection to 'ws://localhost:3000/_next/webpack-hmr?id=sb5IyEFSLVH2A_0bbqkhk' failed: Error in connection establishment: net::ERR_CONNECTION_REFUSED @ http://localhost:3000/_next/static/chunks/node_modules_next_dist_client_17643121._.js:10878
[ 5532358ms] [ERROR] WebSocket connection to 'ws://localhost:3000/_next/webpack-hmr?id=sb5IyEFSLVH2A_0bbqkhk' failed: Error in connection establishment: net::ERR_CONNECTION_REFUSED @ http://localhost:3000/_next/static/chunks/node_modules_next_dist_client_17643121._.js:10878
[ 5534075ms] [ERROR] Failed to load resource: net::ERR_CONNECTION_REFUSED @ http://localhost:3000/api/talk/unread:0
[ 5537413ms] [ERROR] WebSocket connection to 'ws://localhost:3000/_next/webpack-hmr?id=sb5IyEFSLVH2A_0bbqkhk' failed: Error in connection establishment: net::ERR_CONNECTION_REFUSED @ http://localhost:3000/_next/static/chunks/node_modules_next_dist_client_17643121._.js:10878
[ 5542504ms] [ERROR] WebSocket connection to 'ws://localhost:3000/_next/webpack-hmr?id=sb5IyEFSLVH2A_0bbqkhk' failed: Error in connection establishment: net::ERR_CONNECTION_REFUSED @ http://localhost:3000/_next/static/chunks/node_modules_next_dist_client_17643121._.js:10878
[ 5544071ms] [ERROR] Failed to load resource: net::ERR_CONNECTION_REFUSED @ http://localhost:3000/api/talk/unread:0
[ 5547671ms] [ERROR] WebSocket connection to 'ws://localhost:3000/_next/webpack-hmr?id=sb5IyEFSLVH2A_0bbqkhk' failed: Error in connection establishment: net::ERR_CONNECTION_REFUSED @ http://localhost:3000/_next/static/chunks/node_modules_next_dist_client_17643121._.js:10878
